生成启动时间为 2015/10/17 23:28:33。
     1>项目“C:\Users\haolidong\Documents\Visual Studio 2012\Projects\ACM\ACM\ACM.vcxproj”在节点 2 上(Build 个目标)。
     1>ClCompile:
         C:\Program Files (x86)\Microsoft Visual Studio 11.0\VC\bin\CL.exe /c /ZI /nologo /W3 /WX- /Od /Oy- /D WIN32 /D _DEBUG /D _CONSOLE /D _UNICODE /D UNICODE /Gm /EHsc /RTC1 /MDd /GS /fp:precise /Zc:wchar_t /Zc:forScope /Fo"Debug\\" /Fd"Debug\vc110.pdb" /Gd /TP /analyze- /errorReport:prompt ACM.cpp content.cpp describe.cpp funcHeaderAchieve.cpp function.cpp
         ACM.cpp
         正在生成代码...
         正在跳过...(未检测到相关更改)
         function.cpp
         funcHeaderAchieve.cpp
         describe.cpp
         content.cpp
       Link:
         C:\Program Files (x86)\Microsoft Visual Studio 11.0\VC\bin\link.exe /ERRORREPORT:PROMPT /OUT:"C:\Users\haolidong\Documents\Visual Studio 2012\Projects\ACM\Debug\ACM.exe" /INCREMENTAL /NOLOGO kernel32.lib user32.lib gdi32.lib winspool.lib comdlg32.lib advapi32.lib shell32.lib ole32.lib oleaut32.lib uuid.lib odbc32.lib odbccp32.lib /MANIFEST /MANIFESTUAC:"level='asInvoker' uiAccess='false'" /manifest:embed /DEBUG /PDB:"C:\Users\haolidong\Documents\Visual Studio 2012\Projects\ACM\Debug\ACM.pdb" /SUBSYSTEM:CONSOLE /TLBID:1 /DYNAMICBASE /NXCOMPAT /IMPLIB:"C:\Users\haolidong\Documents\Visual Studio 2012\Projects\ACM\Debug\ACM.lib" /MACHINE:X86 Debug\ACM.obj
         Debug\content.obj
         Debug\describe.obj
         Debug\funcHeaderAchieve.obj
         Debug\function.obj
         ACM.vcxproj -> C:\Users\haolidong\Documents\Visual Studio 2012\Projects\ACM\Debug\ACM.exe
     1>已完成生成项目“C:\Users\haolidong\Documents\Visual Studio 2012\Projects\ACM\ACM\ACM.vcxproj”(Build 个目标)的操作。

生成成功。

已用时间 00:00:01.98
